<?xml version="1.0" encoding="UTF-8"?>
<testsuite name="models.LoanTest" tests="1" skipped="0" failures="0" errors="0" timestamp="2024-02-01T13:25:17" hostname="MINKUR" time="0.012">
  <properties/>
  <testcase name="testDueDate()" classname="models.LoanTest" time="0.012"/>
  <system-out><![CDATA[]]></system-out>
  <system-err><![CDATA[]]></system-err>
</testsuite>
